1606078350504	geckodriver	INFO	Listening on 127.0.0.1:54738
1606078353511	mozrunner::runner	INFO	Running command: "C:\\Program Files\\Mozilla Firefox\\firefox.exe" "--marionette" "-foreground" "-no-remote" "-profile" "C:\\Users\\pawel\\AppData\\Local\\Temp\\rust_mozprofileHMj5ZX"
1606078367218	geckodriver	INFO	Listening on 127.0.0.1:54795
1606078370239	mozrunner::runner	INFO	Running command: "C:\\Program Files\\Mozilla Firefox\\firefox.exe" "--marionette" "-foreground" "-no-remote" "-profile" "C:\\Users\\pawel\\AppData\\Local\\Temp\\rust_mozprofileKWbv3v"
1606078394375	geckodriver	INFO	Listening on 127.0.0.1:54845
1606078397409	mozrunner::runner	INFO	Running command: "C:\\Program Files\\Mozilla Firefox\\firefox.exe" "--marionette" "-foreground" "-no-remote" "-profile" "C:\\Users\\pawel\\AppData\\Local\\Temp\\rust_mozprofileXXehCz"
Unable to read VR Path Registry from C:\Users\pawel\AppData\Local\openvr\openvrpaths.vrpath
Unable to read VR Path Registry from C:\Users\pawel\AppData\Local\openvr\openvrpaths.vrpath
Unable to read VR Path Registry from C:\Users\pawel\AppData\Local\openvr\openvrpaths.vrpath
Unable to read VR Path Registry from C:\Users\pawel\AppData\Local\openvr\openvrpaths.vrpath
Unable to read VR Path Registry from C:\Users\pawel\AppData\Local\openvr\openvrpaths.vrpath
1606078398674	Marionette	INFO	Listening on port 54854
1606078398922	Marionette	WARN	TLS certificate errors will be ignored for this session
[Parent 10544, Gecko_IOThread] WARNING: pipe error: 109: file z:/build/build/src/ipc/chromium/src/chrome/common/ipc_channel_win.cc, line 332
[Child 28728, Chrome_ChildThread] WARNING: pipe error: 109: file z:/build/build/src/ipc/chromium/src/chrome/common/ipc_channel_win.cc, line 332
[Child 2872[Parent 10544, Gecko_IOThread] WARNING: pipe error: 109: file z:/build/build/src/ipc/chromium/src/chrome/common/ipc_channel_win.cc, line 332
[Child 28820, Chrome_ChildThread] WARNING: pipe error: 109: file z:/build/build/src/ipc/chromium/src/chrome/common/ipc_channel_win.cc, line 332
[Child 28820, Chr[Parent 10544, Gecko_IOThread] WARNING: pipe error: 109: file z:/build/build/src/ipc/chromium/src/chrome/common/ipc_channel_win.cc, line 332
[[GPU 26676, Chro
###!!! [Child][MessageChannel::SendAndWait] Error: Channel error: cannot send/recv

rors will be ignored for this session
JavaScript error: https://www.x-kom.pl/szukaj?q=Komputer, line 1: TypeError: google_tag_manager['GTM-PZ4BVZ'].macro(...).category is undefined
[Parent 31480, Gecko_IOThread] WARNING: pipe error: 109: file z:/build/build/src/ipc/chromium/src/chrome/common/ipc_channel_win.cc, line 332
[Parent 31480, Gecko_IOThread] WARNING: pipe error: 109: file z:/build/build/src/ipc/chromium/src/chrome/common/ipc_channel_win.cc, line 332
[Child 34600, Chrome_ChildThread] WARNING: pipe error: 109: file z:/build/build/src/ipc/chromium/src/chrome/common/ipc_channel_win.cc, line 332
[Child 34704, Chrome_ChildThread] WARNING: pipe error: 109: file z:/build/build/src/ipc/chromium/src/chrome/common/ipc_channel_win.cc, line 332
[Child 34704, Chrome_Chi[Parent 31480, Gecko_IOThread] WARNING: pipe error: 109: file z:/build/build/src/ipc/chromium/src/chrome/common/ipc_channel_win.cc, line 332
[Child 6544, Chrome_ChildThread] WARNING: pipe error: 109: file z:/build/build/src/ipc/chromium/src/chrome/common/ipc_channel_win.cc, line 332
[Child 654*** UTM:SVC TimerManager:registerTimer called after profile-before-change notification. Ignoring timer registration for id: telemetry_modules_ping
[GPU 18504, Chrome_
###!!! [Child][MessageChannel::SendAndWait] Error: Channel error: cannot send/recv

1606085222368	geckodriver	INFO	Listening on 127.0.0.1:64125
1606086442085	geckodriver	INFO	Listening on 127.0.0.1:49956
1606086445128	mozrunner::runner	INFO	Running command: "C:\\Program Files\\Mozilla Firefox\\firefox.exe" "--marionette" "-foreground" "-no-remote" "-profile" "C:\\Users\\pawel\\AppData\\Local\\Temp\\rust_mozprofile5UU85l"
Unable to read VR Path Registry from C:\Users\pawel\AppData\Local\openvr\openvrpaths.vrpath
Unable to read VR Path Registry from C:\Users\pawel\AppData\Local\openvr\openvrpaths.vrpath
Unable to read VR Path Registry from C:\Users\pawel\AppData\Local\openvr\openvrpaths.vrpath
Unable to read VR Path Registry from C:\Users\pawel\AppData\Local\openvr\openvrpaths.vrpath
Unable to read VR Path Registry from C:\Users\pawel\AppData\Local\openvr\openvrpaths.vrpath
1606086447292	Marionette	INFO	Listening on port 49968
1606086447788	Marionette	WARN	TLS certificate errors will be ignored for this session
JavaScript error: https://www.x-kom.pl/szukaj?q=Komputer, line 1: TypeError: google_tag_manager['GTM-PZ4BVZ'].macro(...).category is undefined
[Child 18752, Chrome_ChildThread] WARNING: pipe error: 109: file z:/build/build/src/ipc/chromium/src/chrome/common/ipc_channel_win.cc, line 332
[Child 18752, Chrome_ChildThread] WARNING: pipe error: 109: file z:/build/bu
###!!! [Child][RunMessage] Error: Channel closing: too late to send/recv, messages will be lost


###!!! [Child][RunMessage] Error: Channel closing: too late to send/recv, messages will be lost

[Parent 6980, Gecko_IOThread] WARNING: pipe error: 109: file z:/build/build/src/ipc/chromium/src/chrome/common/ipc_channel_win.cc, line 332
[Child 3[GPU 33344, Chr
###!!! [Child][MessageChannel::SendAndWait] Error: Channel error: cannot send/recv

1606087058228	geckodriver	INFO	Listening on 127.0.0.1:50870
1606087061237	mozrunner::runner	INFO	Running command: "C:\\Program Files\\Mozilla Firefox\\firefox.exe" "--marionette" "-foreground" "-no-remote" "-profile" "C:\\Users\\pawel\\AppData\\Local\\Temp\\rust_mozprofilePMMmXO"
Unable to read VR Path Registry from C:\Users\pawel\AppData\Local\openvr\openvrpaths.vrpath
Unable to read VR Path Registry from C:\Users\pawel\AppData\Local\openvr\openvrpaths.vrpath
Unable to read VR Path Registry from C:\Users\pawel\AppData\Local\openvr\openvrpaths.vrpath
Unable to read VR Path Registry from C:\Users\pawel\AppData\Local\openvr\openvrpaths.vrpath
Unable to read VR Path Registry from C:\Users\pawel\AppData\Local\openvr\openvrpaths.vrpath
1606087062959	Marionette	INFO	Listening on port 50879
1606087063249	Marionette	WARN	TLS certificate errors will be ignored for this session
JavaScript error: https://www.x-kom.pl/logowanie, line 1: ReferenceError: _etmc is not defined
[GFX1-]: Unrecognized feature WEBRENDER
IPDL protocol error: Handler returned error code!

###!!! [Parent][DispatchAsyncMessage] Error: PLayerTransaction::Msg_ReleaseLayer Processing error: message was deserialized, but the handler returned false (indicating failure)

IPDL protocol error: Handler returned error code!

###!!! [Parent][DispatchAsyncMessage] Error: PLayerTransaction::Msg_ReleaseLayer Processing error: message was deserialized, but the handler returned false (indicating failure)

IPDL protocol error: Handler returned error code!

###!!! [Parent][DispatchAsyncMessage] Error: PLayerTransaction::Msg_ReleaseLayer Processing error: message was deserialized, but the handler returned false (indicating failure)

[Parent 31648, Gecko_IOThread] WARNING: pipe error: 109: file z:/build/build/src/ipc/chromium/src/chrome/common/ipc_channel_win.cc, line 332
[Child 34536, Chrome_ChildThread] WARNING: pipe error: 109: file z:/build/build/src/ipc/chromium/src/chrome/common/ipc_channel_win.cc, line 332
[Child 3453[Parent 31648, Gecko_IOThread] WARNING: pipe error: 109: file z:/build/build/src/ipc/chromium/src/chrome/common/ipc_channel_win.cc, line 332
[Child 26212, Chrome_ChildThread] WARNING: pipe error: 109: file z:/build/build/src/ipc/chromium/src/chrome/common/ipc_channel_win.cc, line 332
[Child 26212,[GPU 
###!!! [Child][MessageChannel::SendAndWait] Error: Channel error: cannot send/recv

