1606091458939	geckodriver	INFO	Listening on 127.0.0.1:57320
1606091461971	mozrunner::runner	INFO	Running command: "C:\\Program Files\\Mozilla Firefox\\firefox.exe" "--marionette" "-foreground" "-no-remote" "-profile" "C:\\Users\\pawel\\AppData\\Local\\Temp\\rust_mozprofileVP7zTV"
Unable to read VR Path Registry from C:\Users\pawel\AppData\Local\openvr\openvrpaths.vrpath
Unable to read VR Path Registry from C:\Users\pawel\AppData\Local\openvr\openvrpaths.vrpath
Unable to read VR Path Registry from C:\Users\pawel\AppData\Local\openvr\openvrpaths.vrpath
Unable to read VR Path Registry from C:\Users\pawel\AppData\Local\openvr\openvrpaths.vrpath
Unable to read VR Path Registry from C:\Users\pawel\AppData\Local\openvr\openvrpaths.vrpath
1606091463329	Marionette	INFO	Listening on port 57333
1606091463486	Marionette	WARN	TLS certificate errors will be ignored for this session
JavaScript error: https://www.x-kom.pl/logowanie, line 1: ReferenceError: _etmc is not defined
[GFX1-]: Unrecognized feature WEBRENDER
[Parent 17244, Gecko_IOThread] WARNING: pipe error: 109: file z:/build/build/src/ipc/chromium/src/chrome/common/ipc_channel_win.cc, line 332
[Parent 17244, Gecko_IOThread] WARNING: pipe error: 109: file z:/build/build/src/ipc/chromium/src/chrome/common/ipc_channel_win.cc, line 332
[Child 10260, Chrome_ChildThread] WARNING: pipe error: 109: file z:/build/build/src/ipc/chromium/src/chrome/common/ipc_channel_win.cc, line 332
[Child 10260, Chrome_ChildThread] WARNING: pipe error: 109: file z:/build/build/src/ipc/chromium/src/chrome/common/ipc_channel_win.cc, line 332
[Child 37900, Chrome_ChildThread] WARNING: pipe error: 109: file z:/build/build/src/ipc/chromium/src/chrome/common/ipc_channel_win.cc, line 332
[Child 37900,[Parent 17244, Gecko_IOThread] WARNING: pipe error: 109: file z:/build/build/src/ipc/chromium/src/chrome/common/ipc_channel_win.cc, line 332
[[GPU 37764, C
###!!! [Child][MessageChannel::SendAndWait] Error: Channel error: cannot send/recv

om.pl/szukaj?q=Komputer, line 1: TypeError: google_tag_manager['GTM-PZ4BVZ'].macro(...).category is undefined
[GFX1-]: Unrecognized feature WEBRENDER
[Parent 3036, Gecko_IOThread] WARNING: pipe error: 109: file z:/build/build/src/ipc/chromium/src/chrome/common/ipc_channel_win.cc, line 332
[Child 28256, Chrome_ChildThread] WARNING: pipe error: 109: file z:/build/build/src/ipc/chromium/src/chrome/common/ipc_channel_win.cc, line 332
[Child 28256, Chrome_ChildThread] WARNING: pipe error: 109: file z:/bu[Parent 3036, Gecko_IOThread] WARNING: pipe error: 109: file z:/build/build/src/ipc/chromium/src/chrome/common/ipc_channel_win.cc, line 332
[Child 28468, Chrome_ChildThread] WARNING: pipe error: 109: file z:/build/build/src/ipc/chromium/src/chrome/common/ipc_channel_win.cc, line 332
[Parent 3036, Gecko_IOThread] WARNING: pipe error: 109: file z:/build/build/src/ipc/chromium/src/chrome/common/ipc_channel_win.cc, line 332
[Child 10708, Chrome_ChildThread] WARNING: pipe error: 109: file z:/build/build/src/ipc/chromium/src/chrome/common/ipc_channel_win.cc, line 332
[Child 10708, Chrome_ChildThread] WARNING: pipe 
###!!! [Child][MessageChannel::SendAndWait] Error: Channel error: cannot send/recv

