1606091662147	geckodriver	INFO	Listening on 127.0.0.1:57797
1606091665161	mozrunner::runner	INFO	Running command: "C:\\Program Files\\Mozilla Firefox\\firefox.exe" "--marionette" "-foreground" "-no-remote" "-profile" "C:\\Users\\pawel\\AppData\\Local\\Temp\\rust_mozprofileBcFcDd"
Unable to read VR Path Registry from C:\Users\pawel\AppData\Local\openvr\openvrpaths.vrpath
Unable to read VR Path Registry from C:\Users\pawel\AppData\Local\openvr\openvrpaths.vrpath
Unable to read VR Path Registry from C:\Users\pawel\AppData\Local\openvr\openvrpaths.vrpath
Unable to read VR Path Registry from C:\Users\pawel\AppData\Local\openvr\openvrpaths.vrpath
Unable to read VR Path Registry from C:\Users\pawel\AppData\Local\openvr\openvrpaths.vrpath
1606091666498	Marionette	INFO	Listening on port 57814
1606091666671	Marionette	WARN	TLS certificate errors will be ignored for this session
JavaScript error: https://www.x-kom.pl/szukaj?q=Komputer, line 1: TypeError: google_tag_manager['GTM-PZ4BVZ'].macro(...).category is undefined
[GFX1-]: Unrecognized feature WEBRENDER
[Parent 32220, Gecko_IOThread] WARNING: pipe error: 109: file z:/build/build/src/ipc/chromium/src/chrome/common/ipc_channel_win.cc, line 332
[Child 2368, Chrome_ChildThread] WARNING: pipe error: 109: file z:/build/build/src/ipc/chromium/src/chrome/common/ipc_channel_win.cc, line 332
[Child 2368, Chrome_ChildThread] WARNING: pipe error: 109: file z:/build/build/src/ipc/chromi
###!!! [Child][RunMessage] Error: Channel closing: too late to send/recv, messages will be lost


###!!! [Child][RunMessage] Error: Channel closing: too late to send/recv, messages will be lost

[Parent 32220, Gecko_IOThread] WARNING: pipe error: 109: file z:/build/build/src/ipc/chromium/src/chrome/common/ipc_channel_win.cc, line 332
[Child 23556, Chrome_ChildThread] WARNING: pipe error: 109: file z:/build/build/src/ipc/chromium/src/chrome/common/ipc_channel_win.cc, line 332
[GPU 31724, Chrome_ChildThread] WARNING: pipe error: 109: file z:/build/build/src/ipc/chromium/src/chrome/common/ipc_channel_win.cc, line 332

###!!! [Child][MessageChannel::SendAndWait] Error: Channel error: cannot send/recv

